-------------------------------------------------------------------------------
Test set: core.java.ApplicationTests
-------------------------------------------------------------------------------
Tests run: 1, Failures: 0, Errors: 1, Skipped: 0, Time elapsed: 1.274 s <<< FAILURE! - in core.java.ApplicationTests
contextLoads  Time elapsed: 0.002 s  <<< ERROR!
java.lang.IllegalStateException: Failed to load ApplicationContext
Caused by: org.springframework.beans.factory.BeanDefinitionStoreException: Failed to parse configuration class [core.java.Application]; nested exception is org.springframework.context.annotation.ConflictingBeanDefinitionException: Annotation-specified bean name 'cow' for bean class [core.java.OPP.Abstract.Interfaces.Cow] conflicts with existing, non-compatible bean definition of same name and class [core.java.NonAccessModifiers.Abstract.Interfaces.Cow]
Caused by: org.springframework.context.annotation.ConflictingBeanDefinitionException: Annotation-specified bean name 'cow' for bean class [core.java.OPP.Abstract.Interfaces.Cow] conflicts with existing, non-compatible bean definition of same name and class [core.java.NonAccessModifiers.Abstract.Interfaces.Cow]

